Determining if the pthread_create exist failed with the following output:
Change Dir: /home/baadalvm/ros_drone/catkin_ws/build/CMakeFiles/CMakeTmp

Run Build Command:"/usr/bin/make" "cmTC_e4c28/fast"
/usr/bin/make -f CMakeFiles/cmTC_e4c28.dir/build.make CMakeFiles/cmTC_e4c28.dir/build
make[1]: Entering directory '/home/baadalvm/ros_drone/catkin_ws/build/CMakeFiles/CMakeTmp'
Building C object CMakeFiles/cmTC_e4c28.dir/CheckSymbolExists.c.o
/usr/bin/cc     -o CMakeFiles/cmTC_e4c28.dir/CheckSymbolExists.c.o   -c /home/baadalvm/ros_drone/catkin_ws/build/CMakeFiles/CMakeTmp/CheckSymbolExists.c
Linking C executable cmTC_e4c28
/usr/bin/cmake -E cmake_link_script CMakeFiles/cmTC_e4c28.dir/link.txt --verbose=1
/usr/bin/cc       CMakeFiles/cmTC_e4c28.dir/CheckSymbolExists.c.o  -o cmTC_e4c28 -rdynamic 
CMakeFiles/cmTC_e4c28.dir/CheckSymbolExists.c.o: In function `main':
CheckSymbolExists.c:(.text+0x16): undefined reference to `pthread_create'
collect2: error: ld returned 1 exit status
CMakeFiles/cmTC_e4c28.dir/build.make:97: recipe for target 'cmTC_e4c28' failed
make[1]: *** [cmTC_e4c28] Error 1
make[1]: Leaving directory '/home/baadalvm/ros_drone/catkin_ws/build/CMakeFiles/CMakeTmp'
Makefile:126: recipe for target 'cmTC_e4c28/fast' failed
make: *** [cmTC_e4c28/fast] Error 2

File /home/baadalvm/ros_drone/catkin_ws/build/CMakeFiles/CMakeTmp/CheckSymbolExists.c:
/* */
#include <pthread.h>

int main(int argc, char** argv)
{
  (void)argv;
#ifndef pthread_create
  return ((int*)(&pthread_create))[argc];
#else
  (void)argc;
  return 0;
#endif
}

Determining if the function pthread_create exists in the pthreads failed with the following output:
Change Dir: /home/baadalvm/ros_drone/catkin_ws/build/CMakeFiles/CMakeTmp

Run Build Command:"/usr/bin/make" "cmTC_8d66d/fast"
/usr/bin/make -f CMakeFiles/cmTC_8d66d.dir/build.make CMakeFiles/cmTC_8d66d.dir/build
make[1]: Entering directory '/home/baadalvm/ros_drone/catkin_ws/build/CMakeFiles/CMakeTmp'
Building C object CMakeFiles/cmTC_8d66d.dir/CheckFunctionExists.c.o
/usr/bin/cc    -DCHECK_FUNCTION_EXISTS=pthread_create   -o CMakeFiles/cmTC_8d66d.dir/CheckFunctionExists.c.o   -c /usr/share/cmake-3.5/Modules/CheckFunctionExists.c
Linking C executable cmTC_8d66d
/usr/bin/cmake -E cmake_link_script CMakeFiles/cmTC_8d66d.dir/link.txt --verbose=1
/usr/bin/cc   -DCHECK_FUNCTION_EXISTS=pthread_create    CMakeFiles/cmTC_8d66d.dir/CheckFunctionExists.c.o  -o cmTC_8d66d -rdynamic -lpthreads 
/usr/bin/ld: cannot find -lpthreads
collect2: error: ld returned 1 exit status
CMakeFiles/cmTC_8d66d.dir/build.make:97: recipe for target 'cmTC_8d66d' failed
make[1]: *** [cmTC_8d66d] Error 1
make[1]: Leaving directory '/home/baadalvm/ros_drone/catkin_ws/build/CMakeFiles/CMakeTmp'
Makefile:126: recipe for target 'cmTC_8d66d/fast' failed
make: *** [cmTC_8d66d/fast] Error 2


